This is pdfTeX, Version 3.14159265-2.6-1.40.21 (MiKTeX 20.11) (preloaded format=pdflatex 2020.11.24)  10 MAR 2023 01:07
entering extended mode
**./Anaresm_operaciones_vectores.tex
(Anaresm_operaciones_vectores.tex
LaTeX2e <2020-10-01> patch level 2
L3 programming layer <2020-10-27> xparse <2020-03-03>
(C:\Users\ASTRONAUTA\AppData\Local\Programs\MiKTeX\tex/latex/base\article.cls
Document Class: article 2020/04/10 v1.4m Standard LaTeX document class
(C:\Users\ASTRONAUTA\AppData\Local\Programs\MiKTeX\tex/latex/base\size11.clo
File: size11.clo 2020/04/10 v1.4m Standard LaTeX file (size option)
)
\c@part=\count175
\c@section=\count176
\c@subsection=\count177
\c@subsubsection=\count178
\c@paragraph=\count179
\c@subparagraph=\count180
\c@figure=\count181
\c@table=\count182
\abovecaptionskip=\skip47
\belowcaptionskip=\skip48
\bibindent=\dimen138
)
(C:\Users\ASTRONAUTA\AppData\Local\Programs\MiKTeX\tex/latex/base\inputenc.sty
Package: inputenc 2020/08/01 v1.3d Input encoding file
\inpenc@prehook=\toks15
\inpenc@posthook=\toks16
)
(C:\Users\ASTRONAUTA\AppData\Local\Programs\MiKTeX\tex/latex/amsmath\amsmath.st
y
Package: amsmath 2020/09/23 v2.17i AMS math features
\@mathmargin=\skip49

For additional information on amsmath, use the `?' option.

(C:\Users\ASTRONAUTA\AppData\Local\Programs\MiKTeX\tex/latex/amsmath\amstext.st
y
Package: amstext 2000/06/29 v2.01 AMS text

(C:\Users\ASTRONAUTA\AppData\Local\Programs\MiKTeX\tex/latex/amsmath\amsgen.sty
File: amsgen.sty 1999/11/30 v2.0 generic functions
\@emptytoks=\toks17
\ex@=\dimen139
))
(C:\Users\ASTRONAUTA\AppData\Local\Programs\MiKTeX\tex/latex/amsmath\amsbsy.sty
Package: amsbsy 1999/11/29 v1.2d Bold Symbols
\pmbraise@=\dimen140
)
(C:\Users\ASTRONAUTA\AppData\Local\Programs\MiKTeX\tex/latex/amsmath\amsopn.sty
Package: amsopn 2016/03/08 v2.02 operator names
)
\inf@bad=\count183
LaTeX Info: Redefining \frac on input line 234.
\uproot@=\count184
\leftroot@=\count185
LaTeX Info: Redefining \overline on input line 399.
\classnum@=\count186
\DOTSCASE@=\count187
LaTeX Info: Redefining \ldots on input line 496.
LaTeX Info: Redefining \dots on input line 499.
LaTeX Info: Redefining \cdots on input line 620.
\Mathstrutbox@=\box47
\strutbox@=\box48
\big@size=\dimen141
LaTeX Font Info:    Redeclaring font encoding OML on input line 743.
LaTeX Font Info:    Redeclaring font encoding OMS on input line 744.
\macc@depth=\count188
\c@MaxMatrixCols=\count189
\dotsspace@=\muskip16
\c@parentequation=\count190
\dspbrk@lvl=\count191
\tag@help=\toks18
\row@=\count192
\column@=\count193
\maxfields@=\count194
\andhelp@=\toks19
\eqnshift@=\dimen142
\alignsep@=\dimen143
\tagshift@=\dimen144
\tagwidth@=\dimen145
\totwidth@=\dimen146
\lineht@=\dimen147
\@envbody=\toks20
\multlinegap=\skip50
\multlinetaggap=\skip51
\mathdisplay@stack=\toks21
LaTeX Info: Redefining \[ on input line 2923.
LaTeX Info: Redefining \] on input line 2924.
)
(C:\Users\ASTRONAUTA\AppData\Local\Programs\MiKTeX\tex/latex/amsfonts\amsfonts.
sty
Package: amsfonts 2013/01/14 v3.01 Basic AMSFonts support
\symAMSa=\mathgroup4
\symAMSb=\mathgroup5
LaTeX Font Info:    Redeclaring math symbol \hbar on input line 98.
LaTeX Font Info:    Overwriting math alphabet `\mathfrak' in version `bold'
(Font)                  U/euf/m/n --> U/euf/b/n on input line 106.
)
(C:\Users\ASTRONAUTA\AppData\Local\Programs\MiKTeX\tex/latex/amsfonts\amssymb.s
ty
Package: amssymb 2013/01/14 v3.01 AMS font symbols
)
(C:\Users\ASTRONAUTA\AppData\Local\Programs\MiKTeX\tex/latex/ragged2e\ragged2e.
sty
Package: ragged2e 2019/07/28 v2.2 ragged2e Package (MS)


LaTeX Warning: Command \@arrayparboxrestore  has changed.
               Check if current package is valid.

(C:\Users\ASTRONAUTA\AppData\Local\Programs\MiKTeX\tex/latex/ms\everysel.sty
Package: everysel 2011/10/28 v1.2 EverySelectfont Package (MS)
)
(C:\Users\ASTRONAUTA\AppData\Local\Programs\MiKTeX\tex/latex/footmisc\footmisc.
sty
Package: footmisc 2011/06/06 v5.5b a miscellany of footnote facilities
\FN@temptoken=\toks22
\footnotemargin=\dimen148
\c@pp@next@reset=\count195
Package footmisc Info: Declaring symbol style bringhurst on input line 855.
Package footmisc Info: Declaring symbol style chicago on input line 863.
Package footmisc Info: Declaring symbol style wiley on input line 872.
Package footmisc Info: Declaring symbol style lamport-robust on input line 883.

Package footmisc Info: Declaring symbol style lamport* on input line 903.
Package footmisc Info: Declaring symbol style lamport*-robust on input line 924
.
)
\CenteringLeftskip=\skip52
\RaggedLeftLeftskip=\skip53
\RaggedRightLeftskip=\skip54
\CenteringRightskip=\skip55
\RaggedLeftRightskip=\skip56
\RaggedRightRightskip=\skip57
\CenteringParfillskip=\skip58
\RaggedLeftParfillskip=\skip59
\RaggedRightParfillskip=\skip60
\JustifyingParfillskip=\skip61
\CenteringParindent=\skip62
\RaggedLeftParindent=\skip63
\RaggedRightParindent=\skip64
\JustifyingParindent=\skip65
)
(C:\Users\ASTRONAUTA\AppData\Local\Programs\MiKTeX\tex/latex/apacite\apacite.st
y
Package: apacite 2013/07/21 v6.03 APA citation
\c@BibCnt=\count196
\bibleftmargin=\skip66
\bibindent=\skip67
\bibparsep=\skip68
\bibitemsep=\skip69
\biblabelsep=\skip70
)
(C:\Users\ASTRONAUTA\AppData\Local\Programs\MiKTeX\tex/latex/polynom\polynom.st
y
Package: polynom 2017/07/17 0.19 (CH,HA)

(C:\Users\ASTRONAUTA\AppData\Local\Programs\MiKTeX\tex/latex/graphics\keyval.st
y
Package: keyval 2014/10/28 v1.15 key=value parser (DPC)
\KV@toks@=\toks23
)
\pld@currstage=\count197
)
(C:\Users\ASTRONAUTA\AppData\Local\Programs\MiKTeX\tex/latex/geometry\geometry.
sty
Package: geometry 2020/01/02 v5.9 Page Geometry

(C:\Users\ASTRONAUTA\AppData\Local\Programs\MiKTeX\tex/generic/iftex\ifvtex.sty
Package: ifvtex 2019/10/25 v1.7 ifvtex legacy package. Use iftex instead.
(C:\Users\ASTRONAUTA\AppData\Local\Programs\MiKTeX\tex/generic/iftex\iftex.sty
Package: iftex 2020/03/06 v1.0d TeX engine tests
))
\Gm@cnth=\count198
\Gm@cntv=\count199
\c@Gm@tempcnt=\count266
\Gm@bindingoffset=\dimen149
\Gm@wd@mp=\dimen150
\Gm@odd@mp=\dimen151
\Gm@even@mp=\dimen152
\Gm@layoutwidth=\dimen153
\Gm@layoutheight=\dimen154
\Gm@layouthoffset=\dimen155
\Gm@layoutvoffset=\dimen156
\Gm@dimlist=\toks24

(C:\Users\ASTRONAUTA\AppData\Local\Programs\MiKTeX\tex/latex/geometry\geometry.
cfg))
(C:\Users\ASTRONAUTA\AppData\Local\Programs\MiKTeX\tex/latex/graphics\graphicx.
sty
Package: graphicx 2020/09/09 v1.2b Enhanced LaTeX Graphics (DPC,SPQR)

(C:\Users\ASTRONAUTA\AppData\Local\Programs\MiKTeX\tex/latex/graphics\graphics.
sty
Package: graphics 2020/08/30 v1.4c Standard LaTeX Graphics (DPC,SPQR)

(C:\Users\ASTRONAUTA\AppData\Local\Programs\MiKTeX\tex/latex/graphics\trig.sty
Package: trig 2016/01/03 v1.10 sin cos tan (DPC)
)
(C:\Users\ASTRONAUTA\AppData\Local\Programs\MiKTeX\tex/latex/graphics-cfg\graph
ics.cfg
File: graphics.cfg 2016/06/04 v1.11 sample graphics configuration
)
Package graphics Info: Driver file: pdftex.def on input line 105.

(C:\Users\ASTRONAUTA\AppData\Local\Programs\MiKTeX\tex/latex/graphics-def\pdfte
x.def
File: pdftex.def 2020/10/05 v1.2a Graphics/color driver for pdftex
))
\Gin@req@height=\dimen157
\Gin@req@width=\dimen158
)
(C:\Users\ASTRONAUTA\AppData\Local\Programs\MiKTeX\tex/latex/l3backend\l3backen
d-pdftex.def
File: l3backend-pdftex.def 2020-09-24 L3 backend support: PDF output (pdfTeX)
\l__kernel_color_stack_int=\count267
\l__pdf_internal_box=\box49
) (Anaresm_operaciones_vectores.aux)
\openout1 = `Anaresm_operaciones_vectores.aux'.

LaTeX Font Info:    Checking defaults for OML/cmm/m/it on input line 19.
LaTeX Font Info:    ... okay on input line 19.
LaTeX Font Info:    Checking defaults for OMS/cmsy/m/n on input line 19.
LaTeX Font Info:    ... okay on input line 19.
LaTeX Font Info:    Checking defaults for OT1/cmr/m/n on input line 19.
LaTeX Font Info:    ... okay on input line 19.
LaTeX Font Info:    Checking defaults for T1/cmr/m/n on input line 19.
LaTeX Font Info:    ... okay on input line 19.
LaTeX Font Info:    Checking defaults for TS1/cmr/m/n on input line 19.
LaTeX Font Info:    ... okay on input line 19.
LaTeX Font Info:    Checking defaults for OMX/cmex/m/n on input line 19.
LaTeX Font Info:    ... okay on input line 19.
LaTeX Font Info:    Checking defaults for U/cmr/m/n on input line 19.
LaTeX Font Info:    ... okay on input line 19.
Package ragged2e Info: ABD: executing \RaggedRight on input line 19.

ABD: EverySelectfont initializing macros
LaTeX Info: Redefining \selectfont on input line 19.
\c@maskedRefs=\count268

(C:\Users\ASTRONAUTA\AppData\Local\Programs\MiKTeX\tex/latex/apacite\english.ap
c
File: english.apc 2013/07/21 v6.03 apacite language file
LaTeX Info: Redefining \BPBI on input line 129.
LaTeX Info: Redefining \BHBI on input line 130.
)
*geometry* driver: auto-detecting
*geometry* detected driver: pdftex
*geometry* verbose mode - [ preamble ] result:
* driver: pdftex
* paper: a4paper
* layout: <same size as paper>
* layoutoffset:(h,v)=(0.0pt,0.0pt)
* modes: 
* h-part:(L,W,R)=(56.9055pt, 483.69684pt, 56.90553pt)
* v-part:(T,H,B)=(56.9055pt, 731.23582pt, 56.90552pt)
* \paperwidth=597.50787pt
* \paperheight=845.04684pt
* \textwidth=483.69684pt
* \textheight=731.23582pt
* \oddsidemargin=-15.36449pt
* \evensidemargin=-15.36449pt
* \topmargin=-52.36449pt
* \headheight=12.0pt
* \headsep=25.0pt
* \topskip=11.0pt
* \footskip=30.0pt
* \marginparwidth=50.0pt
* \marginparsep=10.0pt
* \columnsep=10.0pt
* \skip\footins=10.0pt plus 4.0pt minus 2.0pt
* \hoffset=0.0pt
* \voffset=0.0pt
* \mag=1000
* \@twocolumnfalse
* \@twosidefalse
* \@mparswitchfalse
* \@reversemarginfalse
* (1in=72.27pt=25.4mm, 1cm=28.453pt)


(C:\Users\ASTRONAUTA\AppData\Local\Programs\MiKTeX\tex/context/base/mkii\supp-p
df.mkii
[Loading MPS to PDF converter (version 2006.09.02).]
\scratchcounter=\count269
\scratchdimen=\dimen159
\scratchbox=\box50
\nofMPsegments=\count270
\nofMParguments=\count271
\everyMPshowfont=\toks25
\MPscratchCnt=\count272
\MPscratchDim=\dimen160
\MPnumerator=\count273
\makeMPintoPDFobject=\count274
\everyMPtoPDFconversion=\toks26
)
(C:\Users\ASTRONAUTA\AppData\Local\Programs\MiKTeX\tex/latex/epstopdf-pkg\epsto
pdf-base.sty
Package: epstopdf-base 2020-01-24 v2.11 Base part for package epstopdf
Package epstopdf-base Info: Redefining graphics rule for `.eps' on input line 4
85.
) [1

{C:/Users/ASTRONAUTA/AppData/Local/MiKTeX/pdftex/config/pdftex.map}]
Underfull \hbox (badness 10000) in paragraph at lines 45--47

 []

LaTeX Font Info:    Trying to load font information for U+msa on input line 48.

(C:\Users\ASTRONAUTA\AppData\Local\Programs\MiKTeX\tex/latex/amsfonts\umsa.fd
File: umsa.fd 2013/01/14 v3.01 AMS symbols A
)
LaTeX Font Info:    Trying to load font information for U+msb on input line 48.


(C:\Users\ASTRONAUTA\AppData\Local\Programs\MiKTeX\tex/latex/amsfonts\umsb.fd
File: umsb.fd 2013/01/14 v3.01 AMS symbols B
)
Underfull \hbox (badness 10000) in paragraph at lines 50--51

 []


Underfull \hbox (badness 10000) in paragraph at lines 54--55

 []


Underfull \hbox (badness 10000) in paragraph at lines 56--58

 []


Underfull \hbox (badness 10000) in paragraph at lines 59--61

 []


Underfull \hbox (badness 10000) in paragraph at lines 62--64

 []


Underfull \hbox (badness 10000) in paragraph at lines 67--68

 []


Underfull \hbox (badness 10000) in paragraph at lines 69--70

 []


Underfull \hbox (badness 10000) in paragraph at lines 71--73

 []


Underfull \hbox (badness 10000) in paragraph at lines 74--76

 []

<C:/Users/ASTRONAUTA/Downloads/latex/vect2.jpg, id=7, 2107.875pt x 1275.76625pt
>
File: C:/Users/ASTRONAUTA/Downloads/latex/vect2.jpg Graphic file (type jpg)
<use C:/Users/ASTRONAUTA/Downloads/latex/vect2.jpg>
Package pdftex.def Info: C:/Users/ASTRONAUTA/Downloads/latex/vect2.jpg  used on
 input line 77.
(pdftex.def)             Requested size: 426.79134pt x 258.30232pt.

Underfull \hbox (badness 10000) in paragraph at lines 77--78

 []

[2]
Underfull \hbox (badness 10000) in paragraph at lines 79--81

 []

<C:/Users/ASTRONAUTA/Downloads/latex/sumVect.jpg, id=16, 2107.875pt x 1275.7662
5pt>
File: C:/Users/ASTRONAUTA/Downloads/latex/sumVect.jpg Graphic file (type jpg)
<use C:/Users/ASTRONAUTA/Downloads/latex/sumVect.jpg>
Package pdftex.def Info: C:/Users/ASTRONAUTA/Downloads/latex/sumVect.jpg  used 
on input line 82.
(pdftex.def)             Requested size: 426.79134pt x 258.30232pt.

Underfull \hbox (badness 10000) in paragraph at lines 82--83

 []


Underfull \hbox (badness 10000) in paragraph at lines 84--86

 []

<C:/Users/ASTRONAUTA/Downloads/latex/sumVect2.jpg, id=17, 2107.875pt x 1275.766
25pt>
File: C:/Users/ASTRONAUTA/Downloads/latex/sumVect2.jpg Graphic file (type jpg)
<use C:/Users/ASTRONAUTA/Downloads/latex/sumVect2.jpg>
Package pdftex.def Info: C:/Users/ASTRONAUTA/Downloads/latex/sumVect2.jpg  used
 on input line 88.
(pdftex.def)             Requested size: 426.79134pt x 258.30232pt.

Underfull \hbox (badness 10000) in paragraph at lines 87--89

 []

[3 <C:/Users/ASTRONAUTA/Downloads/latex/vect2.jpg> <C:/Users/ASTRONAUTA/Downloa
ds/latex/sumVect.jpg>]
Underfull \hbox (badness 10000) in paragraph at lines 90--92

 []

<C:/Users/ASTRONAUTA/Downloads/latex/sumVect3.jpg, id=21, 2107.875pt x 1275.766
25pt>
File: C:/Users/ASTRONAUTA/Downloads/latex/sumVect3.jpg Graphic file (type jpg)
<use C:/Users/ASTRONAUTA/Downloads/latex/sumVect3.jpg>
Package pdftex.def Info: C:/Users/ASTRONAUTA/Downloads/latex/sumVect3.jpg  used
 on input line 94.
(pdftex.def)             Requested size: 426.79134pt x 258.30232pt.

Underfull \hbox (badness 10000) in paragraph at lines 93--95

 []


Underfull \hbox (badness 10000) in paragraph at lines 97--99

 []


Underfull \hbox (badness 10000) in paragraph at lines 100--102

 []

<C:/Users/ASTRONAUTA/Downloads/latex/mutate.jpg, id=22, 2107.875pt x 1275.76625
pt>
File: C:/Users/ASTRONAUTA/Downloads/latex/mutate.jpg Graphic file (type jpg)
<use C:/Users/ASTRONAUTA/Downloads/latex/mutate.jpg>
Package pdftex.def Info: C:/Users/ASTRONAUTA/Downloads/latex/mutate.jpg  used o
n input line 104.
(pdftex.def)             Requested size: 426.79134pt x 258.30232pt.

Underfull \hbox (badness 10000) in paragraph at lines 103--105

 []

[4 <C:/Users/ASTRONAUTA/Downloads/latex/sumVect2.jpg> <C:/Users/ASTRONAUTA/Down
loads/latex/sumVect3.jpg>]
<C:/Users/ASTRONAUTA/Downloads/latex/mutate2a.jpg, id=26, 2107.875pt x 1275.766
25pt>
File: C:/Users/ASTRONAUTA/Downloads/latex/mutate2a.jpg Graphic file (type jpg)
<use C:/Users/ASTRONAUTA/Downloads/latex/mutate2a.jpg>
Package pdftex.def Info: C:/Users/ASTRONAUTA/Downloads/latex/mutate2a.jpg  used
 on input line 108.
(pdftex.def)             Requested size: 426.79134pt x 258.30232pt.

Underfull \hbox (badness 10000) in paragraph at lines 106--109

 []

<C:/Users/ASTRONAUTA/Downloads/latex/mutate3.jpg, id=27, 2107.875pt x 1275.7662
5pt>
File: C:/Users/ASTRONAUTA/Downloads/latex/mutate3.jpg Graphic file (type jpg)
<use C:/Users/ASTRONAUTA/Downloads/latex/mutate3.jpg>
Package pdftex.def Info: C:/Users/ASTRONAUTA/Downloads/latex/mutate3.jpg  used 
on input line 112.
(pdftex.def)             Requested size: 426.79134pt x 258.30232pt.

Underfull \hbox (badness 10000) in paragraph at lines 110--113

 []

[5 <C:/Users/ASTRONAUTA/Downloads/latex/mutate.jpg> <C:/Users/ASTRONAUTA/Downlo
ads/latex/mutate2a.jpg>]
<C:/Users/ASTRONAUTA/Downloads/latex/mutate4.jpg, id=31, 2107.875pt x 1275.7662
5pt>
File: C:/Users/ASTRONAUTA/Downloads/latex/mutate4.jpg Graphic file (type jpg)
<use C:/Users/ASTRONAUTA/Downloads/latex/mutate4.jpg>
Package pdftex.def Info: C:/Users/ASTRONAUTA/Downloads/latex/mutate4.jpg  used 
on input line 116.
(pdftex.def)             Requested size: 426.79134pt x 258.30232pt.

Underfull \hbox (badness 10000) in paragraph at lines 114--117

 []

<C:/Users/ASTRONAUTA/Downloads/latex/mutate5.jpg, id=32, 2107.875pt x 1275.7662
5pt>
File: C:/Users/ASTRONAUTA/Downloads/latex/mutate5.jpg Graphic file (type jpg)
<use C:/Users/ASTRONAUTA/Downloads/latex/mutate5.jpg>
Package pdftex.def Info: C:/Users/ASTRONAUTA/Downloads/latex/mutate5.jpg  used 
on input line 120.
(pdftex.def)             Requested size: 426.79134pt x 258.30232pt.

Underfull \hbox (badness 10000) in paragraph at lines 118--121

 []

[6 <C:/Users/ASTRONAUTA/Downloads/latex/mutate3.jpg> <C:/Users/ASTRONAUTA/Downl
oads/latex/mutate4.jpg>]
Underfull \hbox (badness 10000) in paragraph at lines 123--125

 []


Underfull \hbox (badness 10000) in paragraph at lines 127--129

 []

<C:/Users/ASTRONAUTA/Downloads/latex/6.1.jpg, id=36, 2107.875pt x 1275.76625pt>

File: C:/Users/ASTRONAUTA/Downloads/latex/6.1.jpg Graphic file (type jpg)
<use C:/Users/ASTRONAUTA/Downloads/latex/6.1.jpg>
Package pdftex.def Info: C:/Users/ASTRONAUTA/Downloads/latex/6.1.jpg  used on i
nput line 131.
(pdftex.def)             Requested size: 426.79134pt x 258.30232pt.
<C:/Users/ASTRONAUTA/Downloads/latex/6.11.png, id=37, 353.11075pt x 213.74971pt
>
File: C:/Users/ASTRONAUTA/Downloads/latex/6.11.png Graphic file (type png)
<use C:/Users/ASTRONAUTA/Downloads/latex/6.11.png>
Package pdftex.def Info: C:/Users/ASTRONAUTA/Downloads/latex/6.11.png  used on 
input line 132.
(pdftex.def)             Requested size: 426.79134pt x 258.3607pt.

Underfull \hbox (badness 10000) in paragraph at lines 130--133

 []

[7 <C:/Users/ASTRONAUTA/Downloads/latex/mutate5.jpg> <C:/Users/ASTRONAUTA/Downl
oads/latex/6.1.jpg>]
Underfull \hbox (badness 10000) in paragraph at lines 135--137

 []


Underfull \hbox (badness 10000) in paragraph at lines 140--142

 []


Underfull \hbox (badness 10000) in paragraph at lines 145--147

 []


Underfull \hbox (badness 10000) in paragraph at lines 150--152

 []


Underfull \hbox (badness 10000) in paragraph at lines 153--155

 []


Underfull \hbox (badness 10000) in paragraph at lines 159--161

 []


Underfull \hbox (badness 10000) in paragraph at lines 164--165

 []


Underfull \hbox (badness 10000) in paragraph at lines 167--169

 []

[8 <C:/Users/ASTRONAUTA/Downloads/latex/6.11.png>]
Underfull \hbox (badness 10000) in paragraph at lines 172--174

 []


Underfull \hbox (badness 10000) in paragraph at lines 175--177

 []


Underfull \hbox (badness 10000) in paragraph at lines 178--180

 []


Underfull \hbox (badness 10000) in paragraph at lines 183--184

 []


Underfull \hbox (badness 10000) in paragraph at lines 185--187

 []


Underfull \hbox (badness 10000) in paragraph at lines 188--190

 []


Underfull \hbox (badness 10000) in paragraph at lines 191--193

 []


Underfull \hbox (badness 10000) in paragraph at lines 194--196

 []


Underfull \hbox (badness 10000) in paragraph at lines 197--199

 []


Underfull \hbox (badness 10000) in paragraph at lines 200--202

 []


Underfull \hbox (badness 10000) in paragraph at lines 203--205

 []


Underfull \hbox (badness 10000) in paragraph at lines 208--210

 []


Underfull \hbox (badness 10000) in paragraph at lines 213--214

 []


Underfull \hbox (badness 10000) in paragraph at lines 215--217

 []


Underfull \hbox (badness 10000) in paragraph at lines 218--220

 []

[9]
Underfull \hbox (badness 10000) in paragraph at lines 221--223

 []

File: C:/Users/ASTRONAUTA/Downloads/latex/6.1.jpg Graphic file (type jpg)
<use C:/Users/ASTRONAUTA/Downloads/latex/6.1.jpg>
Package pdftex.def Info: C:/Users/ASTRONAUTA/Downloads/latex/6.1.jpg  used on i
nput line 226.
(pdftex.def)             Requested size: 426.79134pt x 258.30232pt.

Underfull \hbox (badness 10000) in paragraph at lines 225--227

 []


Underfull \hbox (badness 10000) in paragraph at lines 229--231

 []


Underfull \hbox (badness 10000) in paragraph at lines 232--234

 []


Underfull \hbox (badness 10000) in paragraph at lines 235--237

 []

<C:/Users/ASTRONAUTA/Downloads/latex/vector_img.png, id=51, 368.09846pt x 225.1
5356pt>
File: C:/Users/ASTRONAUTA/Downloads/latex/vector_img.png Graphic file (type png
)
<use C:/Users/ASTRONAUTA/Downloads/latex/vector_img.png>
Package pdftex.def Info: C:/Users/ASTRONAUTA/Downloads/latex/vector_img.png  us
ed on input line 240.
(pdftex.def)             Requested size: 426.79134pt x 261.05461pt.

Underfull \hbox (badness 10000) in paragraph at lines 238--241

 []

<C:/Users/ASTRONAUTA/Downloads/latex/vect_img2.png, id=52, 368.09846pt x 225.15
356pt>
File: C:/Users/ASTRONAUTA/Downloads/latex/vect_img2.png Graphic file (type png)

<use C:/Users/ASTRONAUTA/Downloads/latex/vect_img2.png>
Package pdftex.def Info: C:/Users/ASTRONAUTA/Downloads/latex/vect_img2.png  use
d on input line 244.
(pdftex.def)             Requested size: 426.79134pt x 261.05461pt.

Underfull \hbox (badness 10000) in paragraph at lines 242--245

 []

[10 <C:/Users/ASTRONAUTA/Downloads/latex/vector_img.png>]
<C:/Users/ASTRONAUTA/Downloads/latex/vect-img3.png, id=57, 368.09846pt x 225.15
356pt>
File: C:/Users/ASTRONAUTA/Downloads/latex/vect-img3.png Graphic file (type png)

<use C:/Users/ASTRONAUTA/Downloads/latex/vect-img3.png>
Package pdftex.def Info: C:/Users/ASTRONAUTA/Downloads/latex/vect-img3.png  use
d on input line 248.
(pdftex.def)             Requested size: 426.79134pt x 261.05461pt.

Underfull \hbox (badness 10000) in paragraph at lines 246--249

 []

<C:/Users/ASTRONAUTA/Downloads/latex/geo_img.png, id=58, 356.00986pt x 217.7593
5pt>
File: C:/Users/ASTRONAUTA/Downloads/latex/geo_img.png Graphic file (type png)
<use C:/Users/ASTRONAUTA/Downloads/latex/geo_img.png>
Package pdftex.def Info: C:/Users/ASTRONAUTA/Downloads/latex/geo_img.png  used 
on input line 252.
(pdftex.def)             Requested size: 426.79134pt x 261.05736pt.

Underfull \hbox (badness 10000) in paragraph at lines 250--253

 []

[11 <C:/Users/ASTRONAUTA/Downloads/latex/vect_img2.png> <C:/Users/ASTRONAUTA/Do
wnloads/latex/vect-img3.png>]
<C:/Users/ASTRONAUTA/Downloads/latex/geo_img2.png, id=64, 356.00986pt x 217.759
35pt>
File: C:/Users/ASTRONAUTA/Downloads/latex/geo_img2.png Graphic file (type png)
<use C:/Users/ASTRONAUTA/Downloads/latex/geo_img2.png>
Package pdftex.def Info: C:/Users/ASTRONAUTA/Downloads/latex/geo_img2.png  used
 on input line 256.
(pdftex.def)             Requested size: 426.79134pt x 261.05736pt.

Underfull \hbox (badness 10000) in paragraph at lines 254--257

 []

<C:/Users/ASTRONAUTA/Downloads/latex/geo_img3.png, id=65, 292.19676pt x 178.727
02pt>
File: C:/Users/ASTRONAUTA/Downloads/latex/geo_img3.png Graphic file (type png)
<use C:/Users/ASTRONAUTA/Downloads/latex/geo_img3.png>
Package pdftex.def Info: C:/Users/ASTRONAUTA/Downloads/latex/geo_img3.png  used
 on input line 260.
(pdftex.def)             Requested size: 426.79134pt x 261.05923pt.

Underfull \hbox (badness 10000) in paragraph at lines 258--261

 []

[12 <C:/Users/ASTRONAUTA/Downloads/latex/geo_img.png> <C:/Users/ASTRONAUTA/Down
loads/latex/geo_img2.png>]
<C:/Users/ASTRONAUTA/Downloads/latex/geo_img4.png, id=71, 292.19676pt x 178.727
02pt>
File: C:/Users/ASTRONAUTA/Downloads/latex/geo_img4.png Graphic file (type png)
<use C:/Users/ASTRONAUTA/Downloads/latex/geo_img4.png>
Package pdftex.def Info: C:/Users/ASTRONAUTA/Downloads/latex/geo_img4.png  used
 on input line 264.
(pdftex.def)             Requested size: 426.79134pt x 261.05923pt.

Underfull \hbox (badness 10000) in paragraph at lines 262--265

 []

File: C:/Users/ASTRONAUTA/Downloads/latex/geo_img4.png Graphic file (type png)
<use C:/Users/ASTRONAUTA/Downloads/latex/geo_img4.png>
Package pdftex.def Info: C:/Users/ASTRONAUTA/Downloads/latex/geo_img4.png  used
 on input line 268.
(pdftex.def)             Requested size: 426.79134pt x 261.05923pt.

Underfull \hbox (badness 10000) in paragraph at lines 266--269

 []

[13 <C:/Users/ASTRONAUTA/Downloads/latex/geo_img3.png> <C:/Users/ASTRONAUTA/Dow
nloads/latex/geo_img4.png>]
<C:/Users/ASTRONAUTA/Downloads/latex/geo_img5.png, id=78, 499.56221pt x 305.565
55pt>
File: C:/Users/ASTRONAUTA/Downloads/latex/geo_img5.png Graphic file (type png)
<use C:/Users/ASTRONAUTA/Downloads/latex/geo_img5.png>
Package pdftex.def Info: C:/Users/ASTRONAUTA/Downloads/latex/geo_img5.png  used
 on input line 272.
(pdftex.def)             Requested size: 426.79134pt x 261.06543pt.

Underfull \hbox (badness 10000) in paragraph at lines 270--273

 []

<C:/Users/ASTRONAUTA/Downloads/latex/geo_img6.png, id=79, 286.02902pt x 174.954
42pt>
File: C:/Users/ASTRONAUTA/Downloads/latex/geo_img6.png Graphic file (type png)
<use C:/Users/ASTRONAUTA/Downloads/latex/geo_img6.png>
Package pdftex.def Info: C:/Users/ASTRONAUTA/Downloads/latex/geo_img6.png  used
 on input line 276.
(pdftex.def)             Requested size: 426.79134pt x 261.0775pt.

Underfull \hbox (badness 10000) in paragraph at lines 274--277

 []

[14 <C:/Users/ASTRONAUTA/Downloads/latex/geo_img5.png>]
<C:/Users/ASTRONAUTA/Downloads/latex/geo_img7.png, id=84, 429.32674pt x 262.604
86pt>
File: C:/Users/ASTRONAUTA/Downloads/latex/geo_img7.png Graphic file (type png)
<use C:/Users/ASTRONAUTA/Downloads/latex/geo_img7.png>
Package pdftex.def Info: C:/Users/ASTRONAUTA/Downloads/latex/geo_img7.png  used
 on input line 280.
(pdftex.def)             Requested size: 426.79134pt x 261.0615pt.

Underfull \hbox (badness 10000) in paragraph at lines 278--281

 []

[15 <C:/Users/ASTRONAUTA/Downloads/latex/geo_img6.png> <C:/Users/ASTRONAUTA/Dow
nloads/latex/geo_img7.png>]

LaTeX Warning: Citation `tippens2007fisica' undefined on input line 291.

No file Anaresm_operaciones_vectores.bbl.
(Anaresm_operaciones_vectores.aux)

LaTeX Warning: There were undefined references.

 ) 
Here is how much of TeX's memory you used:
 4061 strings out of 479832
 61519 string characters out of 2868697
 347483 words of memory out of 3000000
 20961 multiletter control sequences out of 15000+200000
 540633 words of font info for 50 fonts, out of 3000000 for 9000
 1141 hyphenation exceptions out of 8191
 66i,5n,72p,795b,197s stack positions out of 5000i,500n,10000p,200000b,50000s
<C:/Users/ASTRONAUTA/AppData/Local/Programs/MiKTeX/fonts/type1/public/amsfont
s/cm/cmmi10.pfb><C:/Users/ASTRONAUTA/AppData/Local/Programs/MiKTeX/fonts/type1/
public/amsfonts/cm/cmr10.pfb><C:/Users/ASTRONAUTA/AppData/Local/Programs/MiKTeX
/fonts/type1/public/amsfonts/cm/cmr17.pfb><C:/Users/ASTRONAUTA/AppData/Local/Pr
ograms/MiKTeX/fonts/type1/public/amsfonts/cm/cmr8.pfb><C:/Users/ASTRONAUTA/AppD
ata/Local/Programs/MiKTeX/fonts/type1/public/amsfonts/cm/cmsy10.pfb><C:/Users/A
STRONAUTA/AppData/Local/Programs/MiKTeX/fonts/type1/public/amsfonts/cm/cmsy8.pf
b><C:/Users/ASTRONAUTA/AppData/Local/Programs/MiKTeX/fonts/type1/public/amsfont
s/symbols/msam10.pfb><C:/Users/ASTRONAUTA/AppData/Local/Programs/MiKTeX/fonts/t
ype1/public/amsfonts/symbols/msbm10.pfb>
Output written on Anaresm_operaciones_vectores.pdf (15 pages, 3701088 bytes).
PDF statistics:
 116 PDF objects out of 1000 (max. 8388607)
 0 named destinations out of 1000 (max. 500000)
 106 words of extra memory for PDF output out of 10000 (max. 10000000)

